# JRE version: OpenJDK Runtime Environment (21.0.8) (build 21.0.8+-14018985-b1038.68)
# Java VM: OpenJDK 64-Bit Server VM (21.0.8+-14018985-b1038.68, mixed mode, tiered, compressed oops, compressed class ptrs, g1 gc, windows-amd64)
GC Precious Log:
 CardTable entry size: 512
 Card Set container configuration: InlinePtr #cards 5 size 8 Array Of Cards #cards 12 size 40 Howl #buckets 4 coarsen threshold 1843 Howl Bitmap #cards 512 size 80 coarsen threshold 460 Card regions per heap region 1 cards per card region 2048
 CPUs: 8 total, 8 available
 Memory: 3521M
 Large Page Support: Disabled
 NUMA Support: Disabled
 Compressed Oops: Enabled (32-bit)
 Heap Region Size: 1M
 Heap Min Capacity: 8M
 Heap Initial Capacity: 56M
 Heap Max Capacity: 2G
 Pre-touch: Disabled
 Parallel Workers: 8
 Concurrent Workers: 2
 Concurrent Refinement Workers: 8
 Periodic GC: Disabled
Heap:
 garbage-first heap   total 261120K, used 178841K [0x0000000080000000, 0x0000000100000000)
  region size 1024K, 32 young (32768K), 9 survivors (9216K)
 Metaspace       used 117204K, committed 119296K, reserved 1179648K
  class space    used 16527K, committed 17536K, reserved 1048576K
GC Heap History (20 events):
Event: 235.657 GC heap before
{Heap before GC invocations=28 (full 0):
 garbage-first heap   total 168960K, used 152450K [0x0000000080000000, 0x0000000100000000)
  region size 1024K, 54 young (55296K), 6 survivors (6144K)
 Metaspace       used 80769K, committed 82624K, reserved 1179648K
  class space    used 11461K, committed 12352K, reserved 1048576K
}
Event: 235.696 GC heap after
{Heap after GC invocations=29 (full 0):
 garbage-first heap   total 202752K, used 106257K [0x0000000080000000, 0x0000000100000000)
  region size 1024K, 6 young (6144K), 6 survivors (6144K)
 Metaspace       used 80769K, committed 82624K, reserved 1179648K
  class space    used 11461K, committed 12352K, reserved 1048576K
}
Event: 241.471 GC heap before
{Heap before GC invocations=30 (full 0):
 garbage-first heap   total 202752K, used 183057K [0x0000000080000000, 0x0000000100000000)
  region size 1024K, 82 young (83968K), 6 survivors (6144K)
 Metaspace       used 81725K, committed 83520K, reserved 1179648K
  class space    used 11493K, committed 12352K, reserved 1048576K
}
Event: 241.550 GC heap after
{Heap after GC invocations=31 (full 0):
 garbage-first heap   total 202752K, used 112106K [0x0000000080000000, 0x0000000100000000)
  region size 1024K, 11 young (11264K), 11 survivors (11264K)
 Metaspace       used 81725K, committed 83520K, reserved 1179648K
  class space    used 11493K, committed 12352K, reserved 1048576K
}
Event: 243.479 GC heap before
{Heap before GC invocations=31 (full 0):
 garbage-first heap   total 202752K, used 178666K [0x0000000080000000, 0x0000000100000000)
  region size 1024K, 77 young (78848K), 11 survivors (11264K)
 Metaspace       used 81760K, committed 83520K, reserved 1179648K
  class space    used 11494K, committed 12352K, reserved 1048576K
}
Event: 243.514 GC heap after
{Heap after GC invocations=32 (full 0):
 garbage-first heap   total 202752K, used 114016K [0x0000000080000000, 0x0000000100000000)
  region size 1024K, 5 young (5120K), 5 survivors (5120K)
 Metaspace       used 81760K, committed 83520K, reserved 1179648K
  class space    used 11494K, committed 12352K, reserved 1048576K
}
Event: 252.424 GC heap before
{Heap before GC invocations=32 (full 0):
 garbage-first heap   total 202752K, used 140640K [0x0000000080000000, 0x0000000100000000)
  region size 1024K, 32 young (32768K), 5 survivors (5120K)
 Metaspace       used 86196K, committed 88000K, reserved 1179648K
  class space    used 12497K, committed 13376K, reserved 1048576K
}
Event: 252.481 GC heap after
{Heap after GC invocations=33 (full 0):
 garbage-first heap   total 202752K, used 114320K [0x0000000080000000, 0x0000000100000000)
  region size 1024K, 5 young (5120K), 5 survivors (5120K)
 Metaspace       used 86196K, committed 88000K, reserved 1179648K
  class space    used 12497K, committed 13376K, reserved 1048576K
}
Event: 260.205 GC heap before
{Heap before GC invocations=34 (full 0):
 garbage-first heap   total 202752K, used 199312K [0x0000000080000000, 0x0000000100000000)
  region size 1024K, 75 young (76800K), 5 survivors (5120K)
 Metaspace       used 91817K, committed 93632K, reserved 1179648K
  class space    used 13154K, committed 14016K, reserved 1048576K
}
Event: 260.253 GC heap after
{Heap after GC invocations=35 (full 0):
 garbage-first heap   total 214016K, used 135843K [0x0000000080000000, 0x0000000100000000)
  region size 1024K, 10 young (10240K), 10 survivors (10240K)
 Metaspace       used 91817K, committed 93632K, reserved 1179648K
  class space    used 13154K, committed 14016K, reserved 1048576K
}
Event: 271.449 GC heap before
{Heap before GC invocations=35 (full 0):
 garbage-first heap   total 214016K, used 195235K [0x0000000080000000, 0x0000000100000000)
  region size 1024K, 65 young (66560K), 10 survivors (10240K)
 Metaspace       used 97576K, committed 99520K, reserved 1179648K
  class space    used 13901K, committed 14848K, reserved 1048576K
}
Event: 271.556 GC heap after
{Heap after GC invocations=36 (full 0):
 garbage-first heap   total 216064K, used 145160K [0x0000000080000000, 0x0000000100000000)
  region size 1024K, 7 young (7168K), 7 survivors (7168K)
 Metaspace       used 97576K, committed 99520K, reserved 1179648K
  class space    used 13901K, committed 14848K, reserved 1048576K
}
Event: 271.686 GC heap before
{Heap before GC invocations=36 (full 0):
 garbage-first heap   total 216064K, used 149256K [0x0000000080000000, 0x0000000100000000)
  region size 1024K, 12 young (12288K), 7 survivors (7168K)
 Metaspace       used 97580K, committed 99520K, reserved 1179648K
  class space    used 13901K, committed 14848K, reserved 1048576K
}
Event: 271.720 GC heap after
{Heap after GC invocations=37 (full 0):
 garbage-first heap   total 216064K, used 142070K [0x0000000080000000, 0x0000000100000000)
  region size 1024K, 2 young (2048K), 2 survivors (2048K)
 Metaspace       used 97580K, committed 99520K, reserved 1179648K
  class space    used 13901K, committed 14848K, reserved 1048576K
}
Event: 277.754 GC heap before
{Heap before GC invocations=38 (full 0):
 garbage-first heap   total 239616K, used 200438K [0x0000000080000000, 0x0000000100000000)
  region size 1024K, 58 young (59392K), 2 survivors (2048K)
 Metaspace       used 101774K, committed 103744K, reserved 1179648K
  class space    used 14454K, committed 15424K, reserved 1048576K
}
Event: 277.977 GC heap after
{Heap after GC invocations=39 (full 0):
 garbage-first heap   total 239616K, used 145301K [0x0000000080000000, 0x0000000100000000)
  region size 1024K, 4 young (4096K), 4 survivors (4096K)
 Metaspace       used 101774K, committed 103744K, reserved 1179648K
  class space    used 14454K, committed 15424K, reserved 1048576K
}
Event: 285.385 GC heap before
{Heap before GC invocations=39 (full 0):
 garbage-first heap   total 239616K, used 221077K [0x0000000080000000, 0x0000000100000000)
  region size 1024K, 75 young (76800K), 4 survivors (4096K)
 Metaspace       used 108448K, committed 110464K, reserved 1179648K
  class space    used 15390K, committed 16384K, reserved 1048576K
}
Event: 285.456 GC heap after
{Heap after GC invocations=40 (full 0):
 garbage-first heap   total 239616K, used 150320K [0x0000000080000000, 0x0000000100000000)
  region size 1024K, 7 young (7168K), 7 survivors (7168K)
 Metaspace       used 108448K, committed 110464K, reserved 1179648K
  class space    used 15390K, committed 16384K, reserved 1048576K
}
Event: 293.467 GC heap before
{Heap before GC invocations=40 (full 0):
 garbage-first heap   total 239616K, used 213808K [0x0000000080000000, 0x0000000100000000)
  region size 1024K, 69 young (70656K), 7 survivors (7168K)
 Metaspace       used 113627K, committed 115648K, reserved 1179648K
  class space    used 16097K, committed 17088K, reserved 1048576K
}
Event: 293.623 GC heap after
{Heap after GC invocations=41 (full 0):
 garbage-first heap   total 239616K, used 156313K [0x0000000080000000, 0x0000000100000000)
  region size 1024K, 9 young (9216K), 9 survivors (9216K)
 Metaspace       used 113627K, committed 115648K, reserved 1179648K
  class space    used 16097K, committed 17088K, reserved 1048576K
}

